Info    2021-03-29 13:15:28:0097  DevID:MV-CE200-10GM(00D54181997)  Source-Line:MvCameraControl.dll(CInterfaceManager.cpp-L0938)  ProcessName:stereo_match.exe(14444)     Description:Current dynamic library path[C:\Program Files (x86)\Common Files\MVS\Runtime\Win64_x64\MVCameraControl.dll]     Solution:
Info    2021-03-29 13:15:28:0097  DevID:MV-CE200-10GM(00D54181997)  Source-Line:MvCameraControl.dll(CInterfaceManager.cpp-L0941)  ProcessName:stereo_match.exe(14444)     Description:[MV_CC_CreateHandle] return[0x0]     Solution:
Info    2021-03-29 13:15:28:0098  DevID:MV-CE200-10GM(00D54181997)  Source-Line:MvCameraControl.dll(CInterfaceManager.cpp-L6776)  ProcessName:stereo_match.exe(14444)     Description:CamCtrl[0x3020003], GigE SDKVersion[0x3020003], DriverVersion[0x3020001]     Solution:
Info    2021-03-29 13:15:28:0384  DevID:MV-CE200-10GM(00D54181997)  Source-Line:MvCameraControl.dll(CInterfaceManager.cpp-L4451)  ProcessName:stereo_match.exe(14444)     Description:[MV_CC_InvalidateNodes] return[0x0]     Solution:
Info    2021-03-29 13:15:28:0384  DevID:MV-CE200-10GM(00D54181997)  Source-Line:MvCameraControl.dll(CInterfaceManager.cpp-L1339)  ProcessName:stereo_match.exe(14444)     Description:[MV_CC_OpenDevice] nPrivilegeMode[1], nSwitchoverKey[0], return[0x0]     Solution:
Info    2021-03-29 13:15:28:0384  DevID:MV-CE200-10GM(00D57564125)  Source-Line:MvCameraControl.dll(CInterfaceManager.cpp-L0938)  ProcessName:stereo_match.exe(14444)     Description:Current dynamic library path[C:\Program Files (x86)\Common Files\MVS\Runtime\Win64_x64\MVCameraControl.dll]     Solution:
Info    2021-03-29 13:15:28:0384  DevID:MV-CE200-10GM(00D57564125)  Source-Line:MvCameraControl.dll(CInterfaceManager.cpp-L0941)  ProcessName:stereo_match.exe(14444)     Description:[MV_CC_CreateHandle] return[0x0]     Solution:
Info    2021-03-29 13:15:28:0384  DevID:MV-CE200-10GM(00D57564125)  Source-Line:MvCameraControl.dll(CInterfaceManager.cpp-L6776)  ProcessName:stereo_match.exe(14444)     Description:CamCtrl[0x3020003], GigE SDKVersion[0x3020003], DriverVersion[0x3020001]     Solution:
Info    2021-03-29 13:15:28:0745  DevID:MV-CE200-10GM(00D57564125)  Source-Line:MvCameraControl.dll(CInterfaceManager.cpp-L4451)  ProcessName:stereo_match.exe(14444)     Description:[MV_CC_InvalidateNodes] return[0x0]     Solution:
Info    2021-03-29 13:15:28:0745  DevID:MV-CE200-10GM(00D57564125)  Source-Line:MvCameraControl.dll(CInterfaceManager.cpp-L1339)  ProcessName:stereo_match.exe(14444)     Description:[MV_CC_OpenDevice] nPrivilegeMode[1], nSwitchoverKey[0], return[0x0]     Solution:
Error   2021-03-29 13:15:28:0774  DevID:MV-CE200-10GM(00D54181997)  Source-Line:MvCameraControl.dll(XmlParse.cpp-L2496)  ProcessName:stereo_match.exe(14444)     Description:GetNodeValue [ImageCompressionMode], [Node is not readable. : AccessException thrown in node 'ImageCompressionMode' while calling 'ImageCompressionMode.GetIntValue()' (file 'EnumerationT.h', line 131)]     Solution:
Info    2021-03-29 13:15:28:0798  DevID:MV-CE200-10GM(00D54181997)  Source-Line:MvCameraControl.dll(CInterfaceManager.cpp-L1878)  ProcessName:stereo_match.exe(14444)     Description:GigE, Width[5472],Height[3648],PixelFormat[0x1080001],PayloadSize[19961856],ChunkCount[0],CompressMode[0],DeviceUptime[1666]     Solution:
Info    2021-03-29 13:15:28:0798  DevID:MV-CE200-10GM(00D54181997)  Source-Line:MvCameraControl.dll(CInterfaceManager.cpp-L1968)  ProcessName:stereo_match.exe(14444)     Description:There is no registration callback     Solution:
Info    2021-03-29 13:15:28:0798  DevID:MV-CE200-10GM(00D54181997)  Source-Line:MvCameraControl.dll(CInterfaceManager.cpp-L1974)  ProcessName:stereo_match.exe(14444)     Description:[MV_CC_StartGrabbing] return[0x0]     Solution:
Info    2021-03-29 13:15:28:0799  DevID:MV-CE200-10GM(00D54181997)  Source-Line:MvCameraControl.dll(CInterfaceManager.cpp-L6463)  ProcessName:stereo_match.exe(14444)     Description:CamCtrl RecvThread Start, ThreadId[11640]     Solution:
Info    2021-03-29 13:15:28:0799  DevID:MV-CE200-10GM(00D54181997)  Source-Line:MvCameraControl.dll(CInterfaceManager.cpp-L6288)  ProcessName:stereo_match.exe(14444)     Description:CamCtrl Display Thread Start, ThreadId[9848]     Solution:
Error   2021-03-29 13:15:30:0342  DevID:MV-CE200-10GM(00D57564125)  Source-Line:MvCameraControl.dll(XmlParse.cpp-L2496)  ProcessName:stereo_match.exe(14444)     Description:GetNodeValue [ImageCompressionMode], [Node is not readable. : AccessException thrown in node 'ImageCompressionMode' while calling 'ImageCompressionMode.GetIntValue()' (file 'EnumerationT.h', line 131)]     Solution:
Info    2021-03-29 13:15:30:0370  DevID:MV-CE200-10GM(00D57564125)  Source-Line:MvCameraControl.dll(CInterfaceManager.cpp-L1878)  ProcessName:stereo_match.exe(14444)     Description:GigE, Width[5472],Height[3648],PixelFormat[0x1080001],PayloadSize[19961856],ChunkCount[0],CompressMode[0],DeviceUptime[1661]     Solution:
Info    2021-03-29 13:15:30:0371  DevID:MV-CE200-10GM(00D57564125)  Source-Line:MvCameraControl.dll(CInterfaceManager.cpp-L1968)  ProcessName:stereo_match.exe(14444)     Description:There is no registration callback     Solution:
Info    2021-03-29 13:15:30:0371  DevID:MV-CE200-10GM(00D57564125)  Source-Line:MvCameraControl.dll(CInterfaceManager.cpp-L1974)  ProcessName:stereo_match.exe(14444)     Description:[MV_CC_StartGrabbing] return[0x0]     Solution:
Info    2021-03-29 13:15:30:0371  DevID:MV-CE200-10GM(00D57564125)  Source-Line:MvCameraControl.dll(CInterfaceManager.cpp-L6463)  ProcessName:stereo_match.exe(14444)     Description:CamCtrl RecvThread Start, ThreadId[4896]     Solution:
Info    2021-03-29 13:15:30:0371  DevID:MV-CE200-10GM(00D57564125)  Source-Line:MvCameraControl.dll(CInterfaceManager.cpp-L6288)  ProcessName:stereo_match.exe(14444)     Description:CamCtrl Display Thread Start, ThreadId[14048]     Solution:
Info    2021-03-29 13:20:10:0181  DevID:MV-CE200-10GM(00D54181997)  Source-Line:MvCameraControl.dll(CInterfaceManager.cpp-L0938)  ProcessName:stereo_match.exe(16248)     Description:Current dynamic library path[C:\Program Files (x86)\Common Files\MVS\Runtime\Win64_x64\MVCameraControl.dll]     Solution:
Info    2021-03-29 13:20:10:0181  DevID:MV-CE200-10GM(00D54181997)  Source-Line:MvCameraControl.dll(CInterfaceManager.cpp-L0941)  ProcessName:stereo_match.exe(16248)     Description:[MV_CC_CreateHandle] return[0x0]     Solution:
Info    2021-03-29 13:20:10:0181  DevID:MV-CE200-10GM(00D54181997)  Source-Line:MvCameraControl.dll(CInterfaceManager.cpp-L6776)  ProcessName:stereo_match.exe(16248)     Description:CamCtrl[0x3020003], GigE SDKVersion[0x3020003], DriverVersion[0x3020001]     Solution:
Info    2021-03-29 13:20:10:0471  DevID:MV-CE200-10GM(00D54181997)  Source-Line:MvCameraControl.dll(CInterfaceManager.cpp-L4451)  ProcessName:stereo_match.exe(16248)     Description:[MV_CC_InvalidateNodes] return[0x0]     Solution:
Info    2021-03-29 13:20:10:0471  DevID:MV-CE200-10GM(00D54181997)  Source-Line:MvCameraControl.dll(CInterfaceManager.cpp-L1339)  ProcessName:stereo_match.exe(16248)     Description:[MV_CC_OpenDevice] nPrivilegeMode[1], nSwitchoverKey[0], return[0x0]     Solution:
Info    2021-03-29 13:20:10:0471  DevID:MV-CE200-10GM(00D57564125)  Source-Line:MvCameraControl.dll(CInterfaceManager.cpp-L0938)  ProcessName:stereo_match.exe(16248)     Description:Current dynamic library path[C:\Program Files (x86)\Common Files\MVS\Runtime\Win64_x64\MVCameraControl.dll]     Solution:
Info    2021-03-29 13:20:10:0471  DevID:MV-CE200-10GM(00D57564125)  Source-Line:MvCameraControl.dll(CInterfaceManager.cpp-L0941)  ProcessName:stereo_match.exe(16248)     Description:[MV_CC_CreateHandle] return[0x0]     Solution:
Info    2021-03-29 13:20:10:0471  DevID:MV-CE200-10GM(00D57564125)  Source-Line:MvCameraControl.dll(CInterfaceManager.cpp-L6776)  ProcessName:stereo_match.exe(16248)     Description:CamCtrl[0x3020003], GigE SDKVersion[0x3020003], DriverVersion[0x3020001]     Solution:
Info    2021-03-29 13:20:10:0844  DevID:MV-CE200-10GM(00D57564125)  Source-Line:MvCameraControl.dll(CInterfaceManager.cpp-L4451)  ProcessName:stereo_match.exe(16248)     Description:[MV_CC_InvalidateNodes] return[0x0]     Solution:
Info    2021-03-29 13:20:10:0844  DevID:MV-CE200-10GM(00D57564125)  Source-Line:MvCameraControl.dll(CInterfaceManager.cpp-L1339)  ProcessName:stereo_match.exe(16248)     Description:[MV_CC_OpenDevice] nPrivilegeMode[1], nSwitchoverKey[0], return[0x0]     Solution:
Error   2021-03-29 13:20:10:0873  DevID:MV-CE200-10GM(00D54181997)  Source-Line:MvCameraControl.dll(XmlParse.cpp-L2496)  ProcessName:stereo_match.exe(16248)     Description:GetNodeValue [ImageCompressionMode], [Node is not readable. : AccessException thrown in node 'ImageCompressionMode' while calling 'ImageCompressionMode.GetIntValue()' (file 'EnumerationT.h', line 131)]     Solution:
Info    2021-03-29 13:20:10:0895  DevID:MV-CE200-10GM(00D54181997)  Source-Line:MvCameraControl.dll(CInterfaceManager.cpp-L1878)  ProcessName:stereo_match.exe(16248)     Description:GigE, Width[5472],Height[3648],PixelFormat[0x1080001],PayloadSize[19961856],ChunkCount[0],CompressMode[0],DeviceUptime[1948]     Solution:
Info    2021-03-29 13:20:10:0896  DevID:MV-CE200-10GM(00D54181997)  Source-Line:MvCameraControl.dll(CInterfaceManager.cpp-L1968)  ProcessName:stereo_match.exe(16248)     Description:There is no registration callback     Solution:
Info    2021-03-29 13:20:10:0896  DevID:MV-CE200-10GM(00D54181997)  Source-Line:MvCameraControl.dll(CInterfaceManager.cpp-L1974)  ProcessName:stereo_match.exe(16248)     Description:[MV_CC_StartGrabbing] return[0x0]     Solution:
Info    2021-03-29 13:20:10:0896  DevID:MV-CE200-10GM(00D54181997)  Source-Line:MvCameraControl.dll(CInterfaceManager.cpp-L6463)  ProcessName:stereo_match.exe(16248)     Description:CamCtrl RecvThread Start, ThreadId[15712]     Solution:
Info    2021-03-29 13:20:10:0896  DevID:MV-CE200-10GM(00D54181997)  Source-Line:MvCameraControl.dll(CInterfaceManager.cpp-L6288)  ProcessName:stereo_match.exe(16248)     Description:CamCtrl Display Thread Start, ThreadId[14328]     Solution:
Error   2021-03-29 13:20:12:0433  DevID:MV-CE200-10GM(00D57564125)  Source-Line:MvCameraControl.dll(XmlParse.cpp-L2496)  ProcessName:stereo_match.exe(16248)     Description:GetNodeValue [ImageCompressionMode], [Node is not readable. : AccessException thrown in node 'ImageCompressionMode' while calling 'ImageCompressionMode.GetIntValue()' (file 'EnumerationT.h', line 131)]     Solution:
Info    2021-03-29 13:23:47:0555  DevID:MV-CE200-10GM(00D54181997)  Source-Line:MvCameraControl.dll(CInterfaceManager.cpp-L0938)  ProcessName:stereo_match.exe(14280)     Description:Current dynamic library path[C:\Program Files (x86)\Common Files\MVS\Runtime\Win64_x64\MVCameraControl.dll]     Solution:
Info    2021-03-29 13:23:47:0555  DevID:MV-CE200-10GM(00D54181997)  Source-Line:MvCameraControl.dll(CInterfaceManager.cpp-L0941)  ProcessName:stereo_match.exe(14280)     Description:[MV_CC_CreateHandle] return[0x0]     Solution:
Info    2021-03-29 13:23:47:0555  DevID:MV-CE200-10GM(00D54181997)  Source-Line:MvCameraControl.dll(CInterfaceManager.cpp-L6776)  ProcessName:stereo_match.exe(14280)     Description:CamCtrl[0x3020003], GigE SDKVersion[0x3020003], DriverVersion[0x3020001]     Solution:
Info    2021-03-29 13:23:47:0840  DevID:MV-CE200-10GM(00D54181997)  Source-Line:MvCameraControl.dll(CInterfaceManager.cpp-L4451)  ProcessName:stereo_match.exe(14280)     Description:[MV_CC_InvalidateNodes] return[0x0]     Solution:
Info    2021-03-29 13:23:47:0840  DevID:MV-CE200-10GM(00D54181997)  Source-Line:MvCameraControl.dll(CInterfaceManager.cpp-L1339)  ProcessName:stereo_match.exe(14280)     Description:[MV_CC_OpenDevice] nPrivilegeMode[1], nSwitchoverKey[0], return[0x0]     Solution:
Info    2021-03-29 13:23:47:0840  DevID:MV-CE200-10GM(00D57564125)  Source-Line:MvCameraControl.dll(CInterfaceManager.cpp-L0938)  ProcessName:stereo_match.exe(14280)     Description:Current dynamic library path[C:\Program Files (x86)\Common Files\MVS\Runtime\Win64_x64\MVCameraControl.dll]     Solution:
Info    2021-03-29 13:23:47:0840  DevID:MV-CE200-10GM(00D57564125)  Source-Line:MvCameraControl.dll(CInterfaceManager.cpp-L0941)  ProcessName:stereo_match.exe(14280)     Description:[MV_CC_CreateHandle] return[0x0]     Solution:
Info    2021-03-29 13:23:47:0840  DevID:MV-CE200-10GM(00D57564125)  Source-Line:MvCameraControl.dll(CInterfaceManager.cpp-L6776)  ProcessName:stereo_match.exe(14280)     Description:CamCtrl[0x3020003], GigE SDKVersion[0x3020003], DriverVersion[0x3020001]     Solution:
Info    2021-03-29 13:23:48:0201  DevID:MV-CE200-10GM(00D57564125)  Source-Line:MvCameraControl.dll(CInterfaceManager.cpp-L4451)  ProcessName:stereo_match.exe(14280)     Description:[MV_CC_InvalidateNodes] return[0x0]     Solution:
Info    2021-03-29 13:23:48:0201  DevID:MV-CE200-10GM(00D57564125)  Source-Line:MvCameraControl.dll(CInterfaceManager.cpp-L1339)  ProcessName:stereo_match.exe(14280)     Description:[MV_CC_OpenDevice] nPrivilegeMode[1], nSwitchoverKey[0], return[0x0]     Solution:
Error   2021-03-29 13:23:48:0226  DevID:MV-CE200-10GM(00D54181997)  Source-Line:MvCameraControl.dll(XmlParse.cpp-L2496)  ProcessName:stereo_match.exe(14280)     Description:GetNodeValue [ImageCompressionMode], [Node is not readable. : AccessException thrown in node 'ImageCompressionMode' while calling 'ImageCompressionMode.GetIntValue()' (file 'EnumerationT.h', line 131)]     Solution:
Info    2021-03-29 13:23:48:0249  DevID:MV-CE200-10GM(00D54181997)  Source-Line:MvCameraControl.dll(CInterfaceManager.cpp-L1878)  ProcessName:stereo_match.exe(14280)     Description:GigE, Width[5472],Height[3648],PixelFormat[0x1080001],PayloadSize[19961856],ChunkCount[0],CompressMode[0],DeviceUptime[2165]     Solution:
Info    2021-03-29 13:23:48:0250  DevID:MV-CE200-10GM(00D54181997)  Source-Line:MvCameraControl.dll(CInterfaceManager.cpp-L1968)  ProcessName:stereo_match.exe(14280)     Description:There is no registration callback     Solution:
Info    2021-03-29 13:23:48:0250  DevID:MV-CE200-10GM(00D54181997)  Source-Line:MvCameraControl.dll(CInterfaceManager.cpp-L1974)  ProcessName:stereo_match.exe(14280)     Description:[MV_CC_StartGrabbing] return[0x0]     Solution:
Info    2021-03-29 13:23:48:0250  DevID:MV-CE200-10GM(00D54181997)  Source-Line:MvCameraControl.dll(CInterfaceManager.cpp-L6288)  ProcessName:stereo_match.exe(14280)     Description:CamCtrl Display Thread Start, ThreadId[6760]     Solution:
Info    2021-03-29 13:23:48:0250  DevID:MV-CE200-10GM(00D54181997)  Source-Line:MvCameraControl.dll(CInterfaceManager.cpp-L6463)  ProcessName:stereo_match.exe(14280)     Description:CamCtrl RecvThread Start, ThreadId[15756]     Solution:
Error   2021-03-29 13:23:49:0809  DevID:MV-CE200-10GM(00D57564125)  Source-Line:MvCameraControl.dll(XmlParse.cpp-L2496)  ProcessName:stereo_match.exe(14280)     Description:GetNodeValue [ImageCompressionMode], [Node is not readable. : AccessException thrown in node 'ImageCompressionMode' while calling 'ImageCompressionMode.GetIntValue()' (file 'EnumerationT.h', line 131)]     Solution:
Info    2021-03-29 13:23:49:0838  DevID:MV-CE200-10GM(00D57564125)  Source-Line:MvCameraControl.dll(CInterfaceManager.cpp-L1878)  ProcessName:stereo_match.exe(14280)     Description:GigE, Width[5472],Height[3648],PixelFormat[0x1080001],PayloadSize[19961856],ChunkCount[0],CompressMode[0],DeviceUptime[2160]     Solution:
Info    2021-03-29 13:23:49:0838  DevID:MV-CE200-10GM(00D57564125)  Source-Line:MvCameraControl.dll(CInterfaceManager.cpp-L6463)  ProcessName:stereo_match.exe(14280)     Description:CamCtrl RecvThread Start, ThreadId[15536]     Solution:
Info    2021-03-29 13:23:49:0838  DevID:MV-CE200-10GM(00D57564125)  Source-Line:MvCameraControl.dll(CInterfaceManager.cpp-L1968)  ProcessName:stereo_match.exe(14280)     Description:There is no registration callback     Solution:
Info    2021-03-29 13:23:49:0838  DevID:MV-CE200-10GM(00D57564125)  Source-Line:MvCameraControl.dll(CInterfaceManager.cpp-L1974)  ProcessName:stereo_match.exe(14280)     Description:[MV_CC_StartGrabbing] return[0x0]     Solution:
Info    2021-03-29 13:23:49:0838  DevID:MV-CE200-10GM(00D57564125)  Source-Line:MvCameraControl.dll(CInterfaceManager.cpp-L6288)  ProcessName:stereo_match.exe(14280)     Description:CamCtrl Display Thread Start, ThreadId[15820]     Solution:
Info    2021-03-29 13:24:23:0877  DevID:MV-CE200-10GM(00D54181997)  Source-Line:MvCameraControl.dll(CInterfaceManager.cpp-L0938)  ProcessName:stereo_match.exe(16376)     Description:Current dynamic library path[C:\Program Files (x86)\Common Files\MVS\Runtime\Win64_x64\MVCameraControl.dll]     Solution:
Info    2021-03-29 13:24:23:0877  DevID:MV-CE200-10GM(00D54181997)  Source-Line:MvCameraControl.dll(CInterfaceManager.cpp-L0941)  ProcessName:stereo_match.exe(16376)     Description:[MV_CC_CreateHandle] return[0x0]     Solution:
Info    2021-03-29 13:24:23:0877  DevID:MV-CE200-10GM(00D54181997)  Source-Line:MvCameraControl.dll(CInterfaceManager.cpp-L6776)  ProcessName:stereo_match.exe(16376)     Description:CamCtrl[0x3020003], GigE SDKVersion[0x3020003], DriverVersion[0x3020001]     Solution:
Error   2021-03-29 13:24:23:0954  DevID:MV-CE200-10GM(00D54181997)  Source-Line:MvCameraControl.dll(CInterfaceManager.cpp-L4440)  ProcessName:stereo_match.exe(16376)     Description:[MV_CC_InvalidateNodes] return[0x80000003]     Solution:
Info    2021-03-29 13:24:23:0954  DevID:MV-CE200-10GM(00D54181997)  Source-Line:MvCameraControl.dll(CInterfaceManager.cpp-L1339)  ProcessName:stereo_match.exe(16376)     Description:[MV_CC_OpenDevice] nPrivilegeMode[1], nSwitchoverKey[0], return[0x80000203]     Solution:
Info    2021-03-29 13:24:23:0954  DevID:MV-CE200-10GM(00D54181997)  Source-Line:MvCameraControl.dll(CInterfaceManager.cpp-L1048)  ProcessName:stereo_match.exe(16376)     Description:[MV_CC_DestroyHandle] return[0x0]     Solution:
Info    2021-03-29 13:24:23:0980  DevID:MV-CE200-10GM(00D57564125)  Source-Line:MvCameraControl.dll(CInterfaceManager.cpp-L0938)  ProcessName:stereo_match.exe(16376)     Description:Current dynamic library path[C:\Program Files (x86)\Common Files\MVS\Runtime\Win64_x64\MVCameraControl.dll]     Solution:
Info    2021-03-29 13:24:23:0980  DevID:MV-CE200-10GM(00D57564125)  Source-Line:MvCameraControl.dll(CInterfaceManager.cpp-L0941)  ProcessName:stereo_match.exe(16376)     Description:[MV_CC_CreateHandle] return[0x0]     Solution:
Info    2021-03-29 13:24:23:0980  DevID:MV-CE200-10GM(00D57564125)  Source-Line:MvCameraControl.dll(CInterfaceManager.cpp-L6776)  ProcessName:stereo_match.exe(16376)     Description:CamCtrl[0x3020003], GigE SDKVersion[0x3020003], DriverVersion[0x3020001]     Solution:
Error   2021-03-29 13:24:24:0047  DevID:MV-CE200-10GM(00D57564125)  Source-Line:MvCameraControl.dll(CInterfaceManager.cpp-L4440)  ProcessName:stereo_match.exe(16376)     Description:[MV_CC_InvalidateNodes] return[0x80000003]     Solution:
Info    2021-03-29 13:24:24:0047  DevID:MV-CE200-10GM(00D57564125)  Source-Line:MvCameraControl.dll(CInterfaceManager.cpp-L1339)  ProcessName:stereo_match.exe(16376)     Description:[MV_CC_OpenDevice] nPrivilegeMode[1], nSwitchoverKey[0], return[0x80000203]     Solution:
Info    2021-03-29 13:24:24:0047  DevID:MV-CE200-10GM(00D57564125)  Source-Line:MvCameraControl.dll(CInterfaceManager.cpp-L1048)  ProcessName:stereo_match.exe(16376)     Description:[MV_CC_DestroyHandle] return[0x0]     Solution:
Info    2021-03-29 13:24:30:0319  DevID:MV-CE200-10GM(00D54181997)  Source-Line:MvCameraControl.dll(CInterfaceManager.cpp-L0938)  ProcessName:stereo_match.exe(4192)     Description:Current dynamic library path[C:\Program Files (x86)\Common Files\MVS\Runtime\Win64_x64\MVCameraControl.dll]     Solution:
Info    2021-03-29 13:24:30:0319  DevID:MV-CE200-10GM(00D54181997)  Source-Line:MvCameraControl.dll(CInterfaceManager.cpp-L0941)  ProcessName:stereo_match.exe(4192)     Description:[MV_CC_CreateHandle] return[0x0]     Solution:
Info    2021-03-29 13:24:30:0319  DevID:MV-CE200-10GM(00D54181997)  Source-Line:MvCameraControl.dll(CInterfaceManager.cpp-L6776)  ProcessName:stereo_match.exe(4192)     Description:CamCtrl[0x3020003], GigE SDKVersion[0x3020003], DriverVersion[0x3020001]     Solution:
Error   2021-03-29 13:24:30:0391  DevID:MV-CE200-10GM(00D54181997)  Source-Line:MvCameraControl.dll(CInterfaceManager.cpp-L4440)  ProcessName:stereo_match.exe(4192)     Description:[MV_CC_InvalidateNodes] return[0x80000003]     Solution:
Info    2021-03-29 13:24:30:0391  DevID:MV-CE200-10GM(00D54181997)  Source-Line:MvCameraControl.dll(CInterfaceManager.cpp-L1339)  ProcessName:stereo_match.exe(4192)     Description:[MV_CC_OpenDevice] nPrivilegeMode[1], nSwitchoverKey[0], return[0x80000203]     Solution:
Info    2021-03-29 13:24:30:0391  DevID:MV-CE200-10GM(00D54181997)  Source-Line:MvCameraControl.dll(CInterfaceManager.cpp-L1048)  ProcessName:stereo_match.exe(4192)     Description:[MV_CC_DestroyHandle] return[0x0]     Solution:
Info    2021-03-29 13:24:30:0415  DevID:MV-CE200-10GM(00D57564125)  Source-Line:MvCameraControl.dll(CInterfaceManager.cpp-L0938)  ProcessName:stereo_match.exe(4192)     Description:Current dynamic library path[C:\Program Files (x86)\Common Files\MVS\Runtime\Win64_x64\MVCameraControl.dll]     Solution:
Info    2021-03-29 13:24:30:0415  DevID:MV-CE200-10GM(00D57564125)  Source-Line:MvCameraControl.dll(CInterfaceManager.cpp-L0941)  ProcessName:stereo_match.exe(4192)     Description:[MV_CC_CreateHandle] return[0x0]     Solution:
Info    2021-03-29 13:24:30:0415  DevID:MV-CE200-10GM(00D57564125)  Source-Line:MvCameraControl.dll(CInterfaceManager.cpp-L6776)  ProcessName:stereo_match.exe(4192)     Description:CamCtrl[0x3020003], GigE SDKVersion[0x3020003], DriverVersion[0x3020001]     Solution:
Error   2021-03-29 13:24:30:0486  DevID:MV-CE200-10GM(00D57564125)  Source-Line:MvCameraControl.dll(CInterfaceManager.cpp-L4440)  ProcessName:stereo_match.exe(4192)     Description:[MV_CC_InvalidateNodes] return[0x80000003]     Solution:
Info    2021-03-29 13:24:30:0486  DevID:MV-CE200-10GM(00D57564125)  Source-Line:MvCameraControl.dll(CInterfaceManager.cpp-L1339)  ProcessName:stereo_match.exe(4192)     Description:[MV_CC_OpenDevice] nPrivilegeMode[1], nSwitchoverKey[0], return[0x80000203]     Solution:
Info    2021-03-29 13:24:30:0486  DevID:MV-CE200-10GM(00D57564125)  Source-Line:MvCameraControl.dll(CInterfaceManager.cpp-L1048)  ProcessName:stereo_match.exe(4192)     Description:[MV_CC_DestroyHandle] return[0x0]     Solution:
Info    2021-03-29 13:25:57:0687  DevID:MV-CE200-10GM(00D54181997)  Source-Line:MvCameraControl.dll(CInterfaceManager.cpp-L0938)  ProcessName:stereo_match.exe(9836)     Description:Current dynamic library path[C:\Program Files (x86)\Common Files\MVS\Runtime\Win64_x64\MVCameraControl.dll]     Solution:
Info    2021-03-29 13:25:57:0687  DevID:MV-CE200-10GM(00D54181997)  Source-Line:MvCameraControl.dll(CInterfaceManager.cpp-L0941)  ProcessName:stereo_match.exe(9836)     Description:[MV_CC_CreateHandle] return[0x0]     Solution:
Info    2021-03-29 13:25:57:0687  DevID:MV-CE200-10GM(00D54181997)  Source-Line:MvCameraControl.dll(CInterfaceManager.cpp-L6776)  ProcessName:stereo_match.exe(9836)     Description:CamCtrl[0x3020003], GigE SDKVersion[0x3020003], DriverVersion[0x3020001]     Solution:
Info    2021-03-29 13:25:57:0966  DevID:MV-CE200-10GM(00D54181997)  Source-Line:MvCameraControl.dll(CInterfaceManager.cpp-L4451)  ProcessName:stereo_match.exe(9836)     Description:[MV_CC_InvalidateNodes] return[0x0]     Solution:
Info    2021-03-29 13:25:57:0966  DevID:MV-CE200-10GM(00D54181997)  Source-Line:MvCameraControl.dll(CInterfaceManager.cpp-L1339)  ProcessName:stereo_match.exe(9836)     Description:[MV_CC_OpenDevice] nPrivilegeMode[1], nSwitchoverKey[0], return[0x0]     Solution:
Info    2021-03-29 13:25:57:0966  DevID:MV-CE200-10GM(00D57564125)  Source-Line:MvCameraControl.dll(CInterfaceManager.cpp-L0938)  ProcessName:stereo_match.exe(9836)     Description:Current dynamic library path[C:\Program Files (x86)\Common Files\MVS\Runtime\Win64_x64\MVCameraControl.dll]     Solution:
Info    2021-03-29 13:25:57:0966  DevID:MV-CE200-10GM(00D57564125)  Source-Line:MvCameraControl.dll(CInterfaceManager.cpp-L0941)  ProcessName:stereo_match.exe(9836)     Description:[MV_CC_CreateHandle] return[0x0]     Solution:
Info    2021-03-29 13:25:57:0966  DevID:MV-CE200-10GM(00D57564125)  Source-Line:MvCameraControl.dll(CInterfaceManager.cpp-L6776)  ProcessName:stereo_match.exe(9836)     Description:CamCtrl[0x3020003], GigE SDKVersion[0x3020003], DriverVersion[0x3020001]     Solution:
Info    2021-03-29 13:25:58:0363  DevID:MV-CE200-10GM(00D57564125)  Source-Line:MvCameraControl.dll(CInterfaceManager.cpp-L4451)  ProcessName:stereo_match.exe(9836)     Description:[MV_CC_InvalidateNodes] return[0x0]     Solution:
Info    2021-03-29 13:25:58:0363  DevID:MV-CE200-10GM(00D57564125)  Source-Line:MvCameraControl.dll(CInterfaceManager.cpp-L1339)  ProcessName:stereo_match.exe(9836)     Description:[MV_CC_OpenDevice] nPrivilegeMode[1], nSwitchoverKey[0], return[0x0]     Solution:
Error   2021-03-29 13:25:58:0390  DevID:MV-CE200-10GM(00D54181997)  Source-Line:MvCameraControl.dll(XmlParse.cpp-L2496)  ProcessName:stereo_match.exe(9836)     Description:GetNodeValue [ImageCompressionMode], [Node is not readable. : AccessException thrown in node 'ImageCompressionMode' while calling 'ImageCompressionMode.GetIntValue()' (file 'EnumerationT.h', line 131)]     Solution:
Info    2021-03-29 13:25:58:0414  DevID:MV-CE200-10GM(00D54181997)  Source-Line:MvCameraControl.dll(CInterfaceManager.cpp-L1878)  ProcessName:stereo_match.exe(9836)     Description:GigE, Width[5472],Height[3648],PixelFormat[0x1080001],PayloadSize[19961856],ChunkCount[0],CompressMode[0],DeviceUptime[2295]     Solution:
Info    2021-03-29 13:25:58:0414  DevID:MV-CE200-10GM(00D54181997)  Source-Line:MvCameraControl.dll(CInterfaceManager.cpp-L1968)  ProcessName:stereo_match.exe(9836)     Description:There is no registration callback     Solution:
Info    2021-03-29 13:25:58:0414  DevID:MV-CE200-10GM(00D54181997)  Source-Line:MvCameraControl.dll(CInterfaceManager.cpp-L1974)  ProcessName:stereo_match.exe(9836)     Description:[MV_CC_StartGrabbing] return[0x0]     Solution:
Info    2021-03-29 13:25:58:0414  DevID:MV-CE200-10GM(00D54181997)  Source-Line:MvCameraControl.dll(CInterfaceManager.cpp-L6463)  ProcessName:stereo_match.exe(9836)     Description:CamCtrl RecvThread Start, ThreadId[12032]     Solution:
Info    2021-03-29 13:25:58:0414  DevID:MV-CE200-10GM(00D54181997)  Source-Line:MvCameraControl.dll(CInterfaceManager.cpp-L6288)  ProcessName:stereo_match.exe(9836)     Description:CamCtrl Display Thread Start, ThreadId[6048]     Solution:
Error   2021-03-29 13:25:59:0958  DevID:MV-CE200-10GM(00D57564125)  Source-Line:MvCameraControl.dll(XmlParse.cpp-L2496)  ProcessName:stereo_match.exe(9836)     Description:GetNodeValue [ImageCompressionMode], [Node is not readable. : AccessException thrown in node 'ImageCompressionMode' while calling 'ImageCompressionMode.GetIntValue()' (file 'EnumerationT.h', line 131)]     Solution:
Info    2021-03-29 13:25:59:0987  DevID:MV-CE200-10GM(00D57564125)  Source-Line:MvCameraControl.dll(CInterfaceManager.cpp-L1878)  ProcessName:stereo_match.exe(9836)     Description:GigE, Width[5472],Height[3648],PixelFormat[0x1080001],PayloadSize[19961856],ChunkCount[0],CompressMode[0],DeviceUptime[2290]     Solution:
Info    2021-03-29 13:25:59:0988  DevID:MV-CE200-10GM(00D57564125)  Source-Line:MvCameraControl.dll(CInterfaceManager.cpp-L1968)  ProcessName:stereo_match.exe(9836)     Description:There is no registration callback     Solution:
Info    2021-03-29 13:25:59:0988  DevID:MV-CE200-10GM(00D57564125)  Source-Line:MvCameraControl.dll(CInterfaceManager.cpp-L1974)  ProcessName:stereo_match.exe(9836)     Description:[MV_CC_StartGrabbing] return[0x0]     Solution:
Info    2021-03-29 13:26:07:0995  DevID:MV-CE200-10GM(00D57564125)  Source-Line:MvCameraControl.dll(CInterfaceManager.cpp-L6463)  ProcessName:stereo_match.exe(9836)     Description:CamCtrl RecvThread Start, ThreadId[15716]     Solution:
Info    2021-03-29 13:26:27:0390  DevID:MV-CE200-10GM(00D57564125)  Source-Line:MvCameraControl.dll(CInterfaceManager.cpp-L6288)  ProcessName:stereo_match.exe(9836)     Description:CamCtrl Display Thread Start, ThreadId[15476]     Solution:
Info    2021-03-29 13:27:22:0837  DevID:MV-CE200-10GM(00D54181997)  Source-Line:MvCameraControl.dll(CInterfaceManager.cpp-L0938)  ProcessName:stereo_match.exe(1452)     Description:Current dynamic library path[C:\Program Files (x86)\Common Files\MVS\Runtime\Win64_x64\MVCameraControl.dll]     Solution:
Info    2021-03-29 13:27:22:0837  DevID:MV-CE200-10GM(00D54181997)  Source-Line:MvCameraControl.dll(CInterfaceManager.cpp-L0941)  ProcessName:stereo_match.exe(1452)     Description:[MV_CC_CreateHandle] return[0x0]     Solution:
Info    2021-03-29 13:27:22:0837  DevID:MV-CE200-10GM(00D54181997)  Source-Line:MvCameraControl.dll(CInterfaceManager.cpp-L6776)  ProcessName:stereo_match.exe(1452)     Description:CamCtrl[0x3020003], GigE SDKVersion[0x3020003], DriverVersion[0x3020001]     Solution:
Error   2021-03-29 13:27:22:0914  DevID:MV-CE200-10GM(00D54181997)  Source-Line:MvCameraControl.dll(CInterfaceManager.cpp-L4440)  ProcessName:stereo_match.exe(1452)     Description:[MV_CC_InvalidateNodes] return[0x80000003]     Solution:
Info    2021-03-29 13:27:22:0914  DevID:MV-CE200-10GM(00D54181997)  Source-Line:MvCameraControl.dll(CInterfaceManager.cpp-L1339)  ProcessName:stereo_match.exe(1452)     Description:[MV_CC_OpenDevice] nPrivilegeMode[1], nSwitchoverKey[0], return[0x80000203]     Solution:
Info    2021-03-29 13:27:22:0914  DevID:MV-CE200-10GM(00D54181997)  Source-Line:MvCameraControl.dll(CInterfaceManager.cpp-L1048)  ProcessName:stereo_match.exe(1452)     Description:[MV_CC_DestroyHandle] return[0x0]     Solution:
Info    2021-03-29 13:27:22:0938  DevID:MV-CE200-10GM(00D57564125)  Source-Line:MvCameraControl.dll(CInterfaceManager.cpp-L0938)  ProcessName:stereo_match.exe(1452)     Description:Current dynamic library path[C:\Program Files (x86)\Common Files\MVS\Runtime\Win64_x64\MVCameraControl.dll]     Solution:
Info    2021-03-29 13:27:22:0938  DevID:MV-CE200-10GM(00D57564125)  Source-Line:MvCameraControl.dll(CInterfaceManager.cpp-L0941)  ProcessName:stereo_match.exe(1452)     Description:[MV_CC_CreateHandle] return[0x0]     Solution:
Info    2021-03-29 13:27:22:0938  DevID:MV-CE200-10GM(00D57564125)  Source-Line:MvCameraControl.dll(CInterfaceManager.cpp-L6776)  ProcessName:stereo_match.exe(1452)     Description:CamCtrl[0x3020003], GigE SDKVersion[0x3020003], DriverVersion[0x3020001]     Solution:
Error   2021-03-29 13:27:23:0007  DevID:MV-CE200-10GM(00D57564125)  Source-Line:MvCameraControl.dll(CInterfaceManager.cpp-L4440)  ProcessName:stereo_match.exe(1452)     Description:[MV_CC_InvalidateNodes] return[0x80000003]     Solution:
Info    2021-03-29 13:27:23:0007  DevID:MV-CE200-10GM(00D57564125)  Source-Line:MvCameraControl.dll(CInterfaceManager.cpp-L1339)  ProcessName:stereo_match.exe(1452)     Description:[MV_CC_OpenDevice] nPrivilegeMode[1], nSwitchoverKey[0], return[0x80000203]     Solution:
Info    2021-03-29 13:27:23:0007  DevID:MV-CE200-10GM(00D57564125)  Source-Line:MvCameraControl.dll(CInterfaceManager.cpp-L1048)  ProcessName:stereo_match.exe(1452)     Description:[MV_CC_DestroyHandle] return[0x0]     Solution:
