Info    2021-03-29 13:15:28:0099  DevID:MV-CE200-10GM(00D54181997)  Source-Line:MVGigEVisionSDK.dll(GigEVisionManager.cpp-L0167)  ProcessName:stereo_match.exe(14444)     Description:Current dynamic library path[C:\Program Files (x86)\Common Files\MVS\Runtime\Win64_x64\MVGigEVisionSDK.dll]     Solution:
Info    2021-03-29 13:15:28:0102  DevID:MV-CE200-10GM(00D54181997)  Source-Line:MVGigEVisionSDK.dll(GigEVisionManager.cpp-L0295)  ProcessName:stereo_match.exe(14444)     Description:Driver Mode [1]     Solution:
Info    2021-03-29 13:15:28:0102  DevID:MV-CE200-10GM(00D54181997)  Source-Line:MVGigEVisionSDK.dll(GigEVisionManager.cpp-L1006)  ProcessName:stereo_match.exe(14444)     Description:Connecting device, hostIP[0xc0a8018a], hostPort[57753], devIP[0xc0a801cf]     Solution:
Info    2021-03-29 13:15:28:0110  DevID:MV-CE200-10GM(00D54181997)  Source-Line:MVGigEVisionSDK.dll(GigEVisionMsgChannel.cpp-L0219)  ProcessName:stereo_match.exe(14444)     Description:Event thread start     Solution:
Info    2021-03-29 13:15:28:0207  DevID:MV-CE200-10GM(00D54181997)  Source-Line:MVGigEVisionSDK.dll(GigEVisionManager.cpp-L0911)  ProcessName:stereo_match.exe(14444)     Description:Driver mode start!     Solution:
Info    2021-03-29 13:15:28:0384  DevID:MV-CE200-10GM(00D57564125)  Source-Line:MVGigEVisionSDK.dll(GigEVisionManager.cpp-L0167)  ProcessName:stereo_match.exe(14444)     Description:Current dynamic library path[C:\Program Files (x86)\Common Files\MVS\Runtime\Win64_x64\MVGigEVisionSDK.dll]     Solution:
Info    2021-03-29 13:15:28:0386  DevID:MV-CE200-10GM(00D57564125)  Source-Line:MVGigEVisionSDK.dll(GigEVisionManager.cpp-L0295)  ProcessName:stereo_match.exe(14444)     Description:Driver Mode [1]     Solution:
Info    2021-03-29 13:15:28:0386  DevID:MV-CE200-10GM(00D57564125)  Source-Line:MVGigEVisionSDK.dll(GigEVisionManager.cpp-L1006)  ProcessName:stereo_match.exe(14444)     Description:Connecting device, hostIP[0xc0a8016e], hostPort[57765], devIP[0xc0a8017a]     Solution:
Info    2021-03-29 13:15:28:0397  DevID:MV-CE200-10GM(00D57564125)  Source-Line:MVGigEVisionSDK.dll(GigEVisionMsgChannel.cpp-L0219)  ProcessName:stereo_match.exe(14444)     Description:Event thread start     Solution:
Info    2021-03-29 13:15:28:0573  DevID:MV-CE200-10GM(00D57564125)  Source-Line:MVGigEVisionSDK.dll(GigEVisionManager.cpp-L0911)  ProcessName:stereo_match.exe(14444)     Description:Driver mode start!     Solution:
Info    2021-03-29 13:15:28:0748  DevID:MV-CE200-10GM(00D54181997)  Source-Line:MVGigEVisionSDK.dll(GigEVisionManager.cpp-L2804)  ProcessName:stereo_match.exe(14444)     Description:Get Local Mtu [9014]!     Solution:
Info    2021-03-29 13:15:28:0753  DevID:MV-CE200-10GM(00D54181997)  Source-Line:MVGigEVisionSDK.dll(GigEVisionManager.cpp-L2883)  ProcessName:stereo_match.exe(14444)     Description:UDP_ReadnTimeout [8136]!     Solution:
Info    2021-03-29 13:15:28:0753  DevID:MV-CE200-10GM(00D54181997)  Source-Line:MVGigEVisionSDK.dll(GigEVisionManager.cpp-L2920)  ProcessName:stereo_match.exe(14444)     Description:Optimal PacketSize [8164]!     Solution:
Info    2021-03-29 13:15:28:0796  DevID:MV-CE200-10GM(00D54181997)  Source-Line:MVGigEVisionSDK.dll(GigEVisionManager.cpp-L1981)  ProcessName:stereo_match.exe(14444)     Description:GigE StreamInterEventThread Start, ThreadId[14140]     Solution:
Info    2021-03-29 13:15:28:0797  DevID:MV-CE200-10GM(00D54181997)  Source-Line:MVGigEVisionSDK.dll(GigEVisionManager.cpp-L2162)  ProcessName:stereo_match.exe(14444)     Description:GigE SendRsdCmdThread Start, ThreadId[11168]     Solution:
Info    2021-03-29 13:15:28:0803  DevID:MV-CE200-10GM(00D57564125)  Source-Line:MVGigEVisionSDK.dll(GigEVisionManager.cpp-L2804)  ProcessName:stereo_match.exe(14444)     Description:Get Local Mtu [1514]!     Solution:
Info    2021-03-29 13:15:30:0310  DevID:MV-CE200-10GM(00D57564125)  Source-Line:MVGigEVisionSDK.dll(GigEVisionManager.cpp-L2920)  ProcessName:stereo_match.exe(14444)     Description:Optimal PacketSize [1500]!     Solution:
Info    2021-03-29 13:15:30:0368  DevID:MV-CE200-10GM(00D57564125)  Source-Line:MVGigEVisionSDK.dll(GigEVisionManager.cpp-L2162)  ProcessName:stereo_match.exe(14444)     Description:GigE SendRsdCmdThread Start, ThreadId[9840]     Solution:
Info    2021-03-29 13:15:30:0368  DevID:MV-CE200-10GM(00D57564125)  Source-Line:MVGigEVisionSDK.dll(GigEVisionManager.cpp-L1981)  ProcessName:stereo_match.exe(14444)     Description:GigE StreamInterEventThread Start, ThreadId[16208]     Solution:
Info    2021-03-29 13:20:10:0182  DevID:MV-CE200-10GM(00D54181997)  Source-Line:MVGigEVisionSDK.dll(GigEVisionManager.cpp-L0167)  ProcessName:stereo_match.exe(16248)     Description:Current dynamic library path[C:\Program Files (x86)\Common Files\MVS\Runtime\Win64_x64\MVGigEVisionSDK.dll]     Solution:
Info    2021-03-29 13:20:10:0184  DevID:MV-CE200-10GM(00D54181997)  Source-Line:MVGigEVisionSDK.dll(GigEVisionManager.cpp-L0295)  ProcessName:stereo_match.exe(16248)     Description:Driver Mode [1]     Solution:
Info    2021-03-29 13:20:10:0184  DevID:MV-CE200-10GM(00D54181997)  Source-Line:MVGigEVisionSDK.dll(GigEVisionManager.cpp-L1006)  ProcessName:stereo_match.exe(16248)     Description:Connecting device, hostIP[0xc0a8018a], hostPort[61701], devIP[0xc0a801cf]     Solution:
Info    2021-03-29 13:20:10:0192  DevID:MV-CE200-10GM(00D54181997)  Source-Line:MVGigEVisionSDK.dll(GigEVisionMsgChannel.cpp-L0219)  ProcessName:stereo_match.exe(16248)     Description:Event thread start     Solution:
Info    2021-03-29 13:20:10:0288  DevID:MV-CE200-10GM(00D54181997)  Source-Line:MVGigEVisionSDK.dll(GigEVisionManager.cpp-L0911)  ProcessName:stereo_match.exe(16248)     Description:Driver mode start!     Solution:
Info    2021-03-29 13:20:10:0471  DevID:MV-CE200-10GM(00D57564125)  Source-Line:MVGigEVisionSDK.dll(GigEVisionManager.cpp-L0167)  ProcessName:stereo_match.exe(16248)     Description:Current dynamic library path[C:\Program Files (x86)\Common Files\MVS\Runtime\Win64_x64\MVGigEVisionSDK.dll]     Solution:
Info    2021-03-29 13:20:10:0473  DevID:MV-CE200-10GM(00D57564125)  Source-Line:MVGigEVisionSDK.dll(GigEVisionManager.cpp-L0295)  ProcessName:stereo_match.exe(16248)     Description:Driver Mode [1]     Solution:
Info    2021-03-29 13:20:10:0473  DevID:MV-CE200-10GM(00D57564125)  Source-Line:MVGigEVisionSDK.dll(GigEVisionManager.cpp-L1006)  ProcessName:stereo_match.exe(16248)     Description:Connecting device, hostIP[0xc0a8016e], hostPort[61713], devIP[0xc0a8017a]     Solution:
Info    2021-03-29 13:20:10:0483  DevID:MV-CE200-10GM(00D57564125)  Source-Line:MVGigEVisionSDK.dll(GigEVisionMsgChannel.cpp-L0219)  ProcessName:stereo_match.exe(16248)     Description:Event thread start     Solution:
Info    2021-03-29 13:20:10:0650  DevID:MV-CE200-10GM(00D57564125)  Source-Line:MVGigEVisionSDK.dll(GigEVisionManager.cpp-L0911)  ProcessName:stereo_match.exe(16248)     Description:Driver mode start!     Solution:
Info    2021-03-29 13:20:10:0848  DevID:MV-CE200-10GM(00D54181997)  Source-Line:MVGigEVisionSDK.dll(GigEVisionManager.cpp-L2804)  ProcessName:stereo_match.exe(16248)     Description:Get Local Mtu [9014]!     Solution:
Info    2021-03-29 13:20:10:0851  DevID:MV-CE200-10GM(00D54181997)  Source-Line:MVGigEVisionSDK.dll(GigEVisionManager.cpp-L2883)  ProcessName:stereo_match.exe(16248)     Description:UDP_ReadnTimeout [8136]!     Solution:
Info    2021-03-29 13:20:10:0853  DevID:MV-CE200-10GM(00D54181997)  Source-Line:MVGigEVisionSDK.dll(GigEVisionManager.cpp-L2920)  ProcessName:stereo_match.exe(16248)     Description:Optimal PacketSize [8164]!     Solution:
Info    2021-03-29 13:20:10:0894  DevID:MV-CE200-10GM(00D54181997)  Source-Line:MVGigEVisionSDK.dll(GigEVisionManager.cpp-L2162)  ProcessName:stereo_match.exe(16248)     Description:GigE SendRsdCmdThread Start, ThreadId[8012]     Solution:
Info    2021-03-29 13:20:10:0894  DevID:MV-CE200-10GM(00D54181997)  Source-Line:MVGigEVisionSDK.dll(GigEVisionManager.cpp-L1981)  ProcessName:stereo_match.exe(16248)     Description:GigE StreamInterEventThread Start, ThreadId[14128]     Solution:
Info    2021-03-29 13:20:10:0901  DevID:MV-CE200-10GM(00D57564125)  Source-Line:MVGigEVisionSDK.dll(GigEVisionManager.cpp-L2804)  ProcessName:stereo_match.exe(16248)     Description:Get Local Mtu [1514]!     Solution:
Info    2021-03-29 13:20:12:0400  DevID:MV-CE200-10GM(00D57564125)  Source-Line:MVGigEVisionSDK.dll(GigEVisionManager.cpp-L2920)  ProcessName:stereo_match.exe(16248)     Description:Optimal PacketSize [1500]!     Solution:
Info    2021-03-29 13:23:47:0556  DevID:MV-CE200-10GM(00D54181997)  Source-Line:MVGigEVisionSDK.dll(GigEVisionManager.cpp-L0167)  ProcessName:stereo_match.exe(14280)     Description:Current dynamic library path[C:\Program Files (x86)\Common Files\MVS\Runtime\Win64_x64\MVGigEVisionSDK.dll]     Solution:
Info    2021-03-29 13:23:47:0559  DevID:MV-CE200-10GM(00D54181997)  Source-Line:MVGigEVisionSDK.dll(GigEVisionManager.cpp-L0295)  ProcessName:stereo_match.exe(14280)     Description:Driver Mode [1]     Solution:
Info    2021-03-29 13:23:47:0559  DevID:MV-CE200-10GM(00D54181997)  Source-Line:MVGigEVisionSDK.dll(GigEVisionManager.cpp-L1006)  ProcessName:stereo_match.exe(14280)     Description:Connecting device, hostIP[0xc0a8018a], hostPort[50427], devIP[0xc0a801cf]     Solution:
Info    2021-03-29 13:23:47:0567  DevID:MV-CE200-10GM(00D54181997)  Source-Line:MVGigEVisionSDK.dll(GigEVisionMsgChannel.cpp-L0219)  ProcessName:stereo_match.exe(14280)     Description:Event thread start     Solution:
Info    2021-03-29 13:23:47:0664  DevID:MV-CE200-10GM(00D54181997)  Source-Line:MVGigEVisionSDK.dll(GigEVisionManager.cpp-L0911)  ProcessName:stereo_match.exe(14280)     Description:Driver mode start!     Solution:
Info    2021-03-29 13:23:47:0840  DevID:MV-CE200-10GM(00D57564125)  Source-Line:MVGigEVisionSDK.dll(GigEVisionManager.cpp-L0167)  ProcessName:stereo_match.exe(14280)     Description:Current dynamic library path[C:\Program Files (x86)\Common Files\MVS\Runtime\Win64_x64\MVGigEVisionSDK.dll]     Solution:
Info    2021-03-29 13:23:47:0842  DevID:MV-CE200-10GM(00D57564125)  Source-Line:MVGigEVisionSDK.dll(GigEVisionManager.cpp-L0295)  ProcessName:stereo_match.exe(14280)     Description:Driver Mode [1]     Solution:
Info    2021-03-29 13:23:47:0843  DevID:MV-CE200-10GM(00D57564125)  Source-Line:MVGigEVisionSDK.dll(GigEVisionManager.cpp-L1006)  ProcessName:stereo_match.exe(14280)     Description:Connecting device, hostIP[0xc0a8016e], hostPort[50439], devIP[0xc0a8017a]     Solution:
Info    2021-03-29 13:23:47:0853  DevID:MV-CE200-10GM(00D57564125)  Source-Line:MVGigEVisionSDK.dll(GigEVisionMsgChannel.cpp-L0219)  ProcessName:stereo_match.exe(14280)     Description:Event thread start     Solution:
Info    2021-03-29 13:23:48:0033  DevID:MV-CE200-10GM(00D57564125)  Source-Line:MVGigEVisionSDK.dll(GigEVisionManager.cpp-L0911)  ProcessName:stereo_match.exe(14280)     Description:Driver mode start!     Solution:
Info    2021-03-29 13:23:48:0205  DevID:MV-CE200-10GM(00D54181997)  Source-Line:MVGigEVisionSDK.dll(GigEVisionManager.cpp-L2804)  ProcessName:stereo_match.exe(14280)     Description:Get Local Mtu [9014]!     Solution:
Info    2021-03-29 13:23:48:0209  DevID:MV-CE200-10GM(00D54181997)  Source-Line:MVGigEVisionSDK.dll(GigEVisionManager.cpp-L2883)  ProcessName:stereo_match.exe(14280)     Description:UDP_ReadnTimeout [8136]!     Solution:
Info    2021-03-29 13:23:48:0210  DevID:MV-CE200-10GM(00D54181997)  Source-Line:MVGigEVisionSDK.dll(GigEVisionManager.cpp-L2920)  ProcessName:stereo_match.exe(14280)     Description:Optimal PacketSize [8164]!     Solution:
Info    2021-03-29 13:23:48:0248  DevID:MV-CE200-10GM(00D54181997)  Source-Line:MVGigEVisionSDK.dll(GigEVisionManager.cpp-L1981)  ProcessName:stereo_match.exe(14280)     Description:GigE StreamInterEventThread Start, ThreadId[15612]     Solution:
Info    2021-03-29 13:23:48:0248  DevID:MV-CE200-10GM(00D54181997)  Source-Line:MVGigEVisionSDK.dll(GigEVisionManager.cpp-L2162)  ProcessName:stereo_match.exe(14280)     Description:GigE SendRsdCmdThread Start, ThreadId[15512]     Solution:
Info    2021-03-29 13:23:48:0255  DevID:MV-CE200-10GM(00D57564125)  Source-Line:MVGigEVisionSDK.dll(GigEVisionManager.cpp-L2804)  ProcessName:stereo_match.exe(14280)     Description:Get Local Mtu [1514]!     Solution:
Info    2021-03-29 13:23:49:0780  DevID:MV-CE200-10GM(00D57564125)  Source-Line:MVGigEVisionSDK.dll(GigEVisionManager.cpp-L2920)  ProcessName:stereo_match.exe(14280)     Description:Optimal PacketSize [1500]!     Solution:
Info    2021-03-29 13:23:49:0835  DevID:MV-CE200-10GM(00D57564125)  Source-Line:MVGigEVisionSDK.dll(GigEVisionManager.cpp-L2162)  ProcessName:stereo_match.exe(14280)     Description:GigE SendRsdCmdThread Start, ThreadId[14780]     Solution:
Info    2021-03-29 13:23:49:0835  DevID:MV-CE200-10GM(00D57564125)  Source-Line:MVGigEVisionSDK.dll(GigEVisionManager.cpp-L1981)  ProcessName:stereo_match.exe(14280)     Description:GigE StreamInterEventThread Start, ThreadId[13260]     Solution:
Info    2021-03-29 13:24:23:0878  DevID:MV-CE200-10GM(00D54181997)  Source-Line:MVGigEVisionSDK.dll(GigEVisionManager.cpp-L0167)  ProcessName:stereo_match.exe(16376)     Description:Current dynamic library path[C:\Program Files (x86)\Common Files\MVS\Runtime\Win64_x64\MVGigEVisionSDK.dll]     Solution:
Info    2021-03-29 13:24:23:0881  DevID:MV-CE200-10GM(00D54181997)  Source-Line:MVGigEVisionSDK.dll(GigEVisionManager.cpp-L0295)  ProcessName:stereo_match.exe(16376)     Description:Driver Mode [1]     Solution:
Info    2021-03-29 13:24:23:0881  DevID:MV-CE200-10GM(00D54181997)  Source-Line:MVGigEVisionSDK.dll(GigEVisionManager.cpp-L1006)  ProcessName:stereo_match.exe(16376)     Description:Connecting device, hostIP[0xc0a8018a], hostPort[55124], devIP[0xc0a801cf]     Solution:
Error   2021-03-29 13:24:23:0882  DevID:MV-CE200-10GM(00D54181997)  Source-Line:MVGigEVisionSDK.dll(GigEVisionGVCP.cpp-L0501)  ProcessName:stereo_match.exe(16376)     Description:SetModulePrivilege [1][0x80000203]     Solution:
Error   2021-03-29 13:24:23:0884  DevID:MV-CE200-10GM(00D54181997)  Source-Line:MVGigEVisionSDK.dll(GigEVisionManager.cpp-L0926)  ProcessName:stereo_match.exe(16376)     Description:Connect device failed! [0x80000203]     Solution:
Info    2021-03-29 13:24:23:0884  DevID:MV-CE200-10GM(00D54181997)  Source-Line:MVGigEVisionSDK.dll(GigEVisionManager.cpp-L4376)  ProcessName:stereo_match.exe(16376)     Description:TransmissionType[0x0], nRet[0x0], GvspSendIp[0xc0a8018a], GvspSendPort[55124], HostIp[0xc0a8018a], HostPort[55124]     Solution:
Info    2021-03-29 13:24:23:0884  DevID:MV-CE200-10GM(00D54181997)  Source-Line:MVGigEVisionSDK.dll(GigEVisionManager.cpp-L1027)  ProcessName:stereo_match.exe(16376)     Description:Disconnect device     Solution:
Info    2021-03-29 13:24:23:0909  DevID:MV-CE200-10GM(00D54181997)  Source-Line:MVGigEVisionSDK.dll(GigEVisionManager.cpp-L1733)  ProcessName:stereo_match.exe(16376)     Description:AppGetCount[0], AppGetCountSucceed[0], NetRecv[0], ThrowAbnormalImage[0], NetLostFrame[0], ThrowInBufList[0], LostPackets[0]     Solution:
Info    2021-03-29 13:24:23:0909  DevID:MV-CE200-10GM(00D54181997)  Source-Line:MVGigEVisionSDK.dll(GigEVisionGVSP.cpp-L0756)  ProcessName:stereo_match.exe(16376)     Description:NearBID[0], LastBID[0], output[0]     Solution:
Info    2021-03-29 13:24:23:0980  DevID:MV-CE200-10GM(00D57564125)  Source-Line:MVGigEVisionSDK.dll(GigEVisionManager.cpp-L0167)  ProcessName:stereo_match.exe(16376)     Description:Current dynamic library path[C:\Program Files (x86)\Common Files\MVS\Runtime\Win64_x64\MVGigEVisionSDK.dll]     Solution:
Info    2021-03-29 13:24:23:0983  DevID:MV-CE200-10GM(00D57564125)  Source-Line:MVGigEVisionSDK.dll(GigEVisionManager.cpp-L0295)  ProcessName:stereo_match.exe(16376)     Description:Driver Mode [1]     Solution:
Info    2021-03-29 13:24:23:0984  DevID:MV-CE200-10GM(00D57564125)  Source-Line:MVGigEVisionSDK.dll(GigEVisionManager.cpp-L1006)  ProcessName:stereo_match.exe(16376)     Description:Connecting device, hostIP[0xc0a8016e], hostPort[55134], devIP[0xc0a8017a]     Solution:
Error   2021-03-29 13:24:23:0985  DevID:MV-CE200-10GM(00D57564125)  Source-Line:MVGigEVisionSDK.dll(GigEVisionGVCP.cpp-L0501)  ProcessName:stereo_match.exe(16376)     Description:SetModulePrivilege [1][0x80000203]     Solution:
Error   2021-03-29 13:24:23:0985  DevID:MV-CE200-10GM(00D57564125)  Source-Line:MVGigEVisionSDK.dll(GigEVisionManager.cpp-L0926)  ProcessName:stereo_match.exe(16376)     Description:Connect device failed! [0x80000203]     Solution:
Info    2021-03-29 13:24:23:0985  DevID:MV-CE200-10GM(00D57564125)  Source-Line:MVGigEVisionSDK.dll(GigEVisionManager.cpp-L4376)  ProcessName:stereo_match.exe(16376)     Description:TransmissionType[0x0], nRet[0x0], GvspSendIp[0xc0a8016e], GvspSendPort[55134], HostIp[0xc0a8016e], HostPort[55134]     Solution:
Info    2021-03-29 13:24:23:0985  DevID:MV-CE200-10GM(00D57564125)  Source-Line:MVGigEVisionSDK.dll(GigEVisionManager.cpp-L1027)  ProcessName:stereo_match.exe(16376)     Description:Disconnect device     Solution:
Info    2021-03-29 13:24:24:0001  DevID:MV-CE200-10GM(00D57564125)  Source-Line:MVGigEVisionSDK.dll(GigEVisionManager.cpp-L1733)  ProcessName:stereo_match.exe(16376)     Description:AppGetCount[0], AppGetCountSucceed[0], NetRecv[0], ThrowAbnormalImage[0], NetLostFrame[0], ThrowInBufList[0], LostPackets[0]     Solution:
Info    2021-03-29 13:24:24:0002  DevID:MV-CE200-10GM(00D57564125)  Source-Line:MVGigEVisionSDK.dll(GigEVisionGVSP.cpp-L0756)  ProcessName:stereo_match.exe(16376)     Description:NearBID[0], LastBID[0], output[0]     Solution:
Info    2021-03-29 13:24:30:0320  DevID:MV-CE200-10GM(00D54181997)  Source-Line:MVGigEVisionSDK.dll(GigEVisionManager.cpp-L0167)  ProcessName:stereo_match.exe(4192)     Description:Current dynamic library path[C:\Program Files (x86)\Common Files\MVS\Runtime\Win64_x64\MVGigEVisionSDK.dll]     Solution:
Info    2021-03-29 13:24:30:0323  DevID:MV-CE200-10GM(00D54181997)  Source-Line:MVGigEVisionSDK.dll(GigEVisionManager.cpp-L0295)  ProcessName:stereo_match.exe(4192)     Description:Driver Mode [1]     Solution:
Info    2021-03-29 13:24:30:0323  DevID:MV-CE200-10GM(00D54181997)  Source-Line:MVGigEVisionSDK.dll(GigEVisionManager.cpp-L1006)  ProcessName:stereo_match.exe(4192)     Description:Connecting device, hostIP[0xc0a8018a], hostPort[61678], devIP[0xc0a801cf]     Solution:
Error   2021-03-29 13:24:30:0324  DevID:MV-CE200-10GM(00D54181997)  Source-Line:MVGigEVisionSDK.dll(GigEVisionGVCP.cpp-L0501)  ProcessName:stereo_match.exe(4192)     Description:SetModulePrivilege [1][0x80000203]     Solution:
Error   2021-03-29 13:24:30:0324  DevID:MV-CE200-10GM(00D54181997)  Source-Line:MVGigEVisionSDK.dll(GigEVisionManager.cpp-L0926)  ProcessName:stereo_match.exe(4192)     Description:Connect device failed! [0x80000203]     Solution:
Info    2021-03-29 13:24:30:0324  DevID:MV-CE200-10GM(00D54181997)  Source-Line:MVGigEVisionSDK.dll(GigEVisionManager.cpp-L4376)  ProcessName:stereo_match.exe(4192)     Description:TransmissionType[0x0], nRet[0x0], GvspSendIp[0xc0a8018a], GvspSendPort[61678], HostIp[0xc0a8018a], HostPort[61678]     Solution:
Info    2021-03-29 13:24:30:0324  DevID:MV-CE200-10GM(00D54181997)  Source-Line:MVGigEVisionSDK.dll(GigEVisionManager.cpp-L1027)  ProcessName:stereo_match.exe(4192)     Description:Disconnect device     Solution:
Info    2021-03-29 13:24:30:0343  DevID:MV-CE200-10GM(00D54181997)  Source-Line:MVGigEVisionSDK.dll(GigEVisionManager.cpp-L1733)  ProcessName:stereo_match.exe(4192)     Description:AppGetCount[0], AppGetCountSucceed[0], NetRecv[0], ThrowAbnormalImage[0], NetLostFrame[0], ThrowInBufList[0], LostPackets[0]     Solution:
Info    2021-03-29 13:24:30:0344  DevID:MV-CE200-10GM(00D54181997)  Source-Line:MVGigEVisionSDK.dll(GigEVisionGVSP.cpp-L0756)  ProcessName:stereo_match.exe(4192)     Description:NearBID[0], LastBID[0], output[0]     Solution:
Info    2021-03-29 13:24:30:0416  DevID:MV-CE200-10GM(00D57564125)  Source-Line:MVGigEVisionSDK.dll(GigEVisionManager.cpp-L0167)  ProcessName:stereo_match.exe(4192)     Description:Current dynamic library path[C:\Program Files (x86)\Common Files\MVS\Runtime\Win64_x64\MVGigEVisionSDK.dll]     Solution:
Info    2021-03-29 13:24:30:0419  DevID:MV-CE200-10GM(00D57564125)  Source-Line:MVGigEVisionSDK.dll(GigEVisionManager.cpp-L0295)  ProcessName:stereo_match.exe(4192)     Description:Driver Mode [1]     Solution:
Info    2021-03-29 13:24:30:0420  DevID:MV-CE200-10GM(00D57564125)  Source-Line:MVGigEVisionSDK.dll(GigEVisionManager.cpp-L1006)  ProcessName:stereo_match.exe(4192)     Description:Connecting device, hostIP[0xc0a8016e], hostPort[61688], devIP[0xc0a8017a]     Solution:
Error   2021-03-29 13:24:30:0420  DevID:MV-CE200-10GM(00D57564125)  Source-Line:MVGigEVisionSDK.dll(GigEVisionGVCP.cpp-L0501)  ProcessName:stereo_match.exe(4192)     Description:SetModulePrivilege [1][0x80000203]     Solution:
Error   2021-03-29 13:24:30:0421  DevID:MV-CE200-10GM(00D57564125)  Source-Line:MVGigEVisionSDK.dll(GigEVisionManager.cpp-L0926)  ProcessName:stereo_match.exe(4192)     Description:Connect device failed! [0x80000203]     Solution:
Info    2021-03-29 13:24:30:0421  DevID:MV-CE200-10GM(00D57564125)  Source-Line:MVGigEVisionSDK.dll(GigEVisionManager.cpp-L4376)  ProcessName:stereo_match.exe(4192)     Description:TransmissionType[0x0], nRet[0x0], GvspSendIp[0xc0a8016e], GvspSendPort[61688], HostIp[0xc0a8016e], HostPort[61688]     Solution:
Info    2021-03-29 13:24:30:0421  DevID:MV-CE200-10GM(00D57564125)  Source-Line:MVGigEVisionSDK.dll(GigEVisionManager.cpp-L1027)  ProcessName:stereo_match.exe(4192)     Description:Disconnect device     Solution:
Info    2021-03-29 13:24:30:0439  DevID:MV-CE200-10GM(00D57564125)  Source-Line:MVGigEVisionSDK.dll(GigEVisionManager.cpp-L1733)  ProcessName:stereo_match.exe(4192)     Description:AppGetCount[0], AppGetCountSucceed[0], NetRecv[0], ThrowAbnormalImage[0], NetLostFrame[0], ThrowInBufList[0], LostPackets[0]     Solution:
Info    2021-03-29 13:24:30:0440  DevID:MV-CE200-10GM(00D57564125)  Source-Line:MVGigEVisionSDK.dll(GigEVisionGVSP.cpp-L0756)  ProcessName:stereo_match.exe(4192)     Description:NearBID[0], LastBID[0], output[0]     Solution:
Info    2021-03-29 13:25:57:0688  DevID:MV-CE200-10GM(00D54181997)  Source-Line:MVGigEVisionSDK.dll(GigEVisionManager.cpp-L0167)  ProcessName:stereo_match.exe(9836)     Description:Current dynamic library path[C:\Program Files (x86)\Common Files\MVS\Runtime\Win64_x64\MVGigEVisionSDK.dll]     Solution:
Info    2021-03-29 13:25:57:0690  DevID:MV-CE200-10GM(00D54181997)  Source-Line:MVGigEVisionSDK.dll(GigEVisionManager.cpp-L0295)  ProcessName:stereo_match.exe(9836)     Description:Driver Mode [1]     Solution:
Info    2021-03-29 13:25:57:0691  DevID:MV-CE200-10GM(00D54181997)  Source-Line:MVGigEVisionSDK.dll(GigEVisionManager.cpp-L1006)  ProcessName:stereo_match.exe(9836)     Description:Connecting device, hostIP[0xc0a8018a], hostPort[57300], devIP[0xc0a801cf]     Solution:
Info    2021-03-29 13:25:57:0698  DevID:MV-CE200-10GM(00D54181997)  Source-Line:MVGigEVisionSDK.dll(GigEVisionMsgChannel.cpp-L0219)  ProcessName:stereo_match.exe(9836)     Description:Event thread start     Solution:
Info    2021-03-29 13:25:57:0796  DevID:MV-CE200-10GM(00D54181997)  Source-Line:MVGigEVisionSDK.dll(GigEVisionManager.cpp-L0911)  ProcessName:stereo_match.exe(9836)     Description:Driver mode start!     Solution:
Info    2021-03-29 13:25:57:0966  DevID:MV-CE200-10GM(00D57564125)  Source-Line:MVGigEVisionSDK.dll(GigEVisionManager.cpp-L0167)  ProcessName:stereo_match.exe(9836)     Description:Current dynamic library path[C:\Program Files (x86)\Common Files\MVS\Runtime\Win64_x64\MVGigEVisionSDK.dll]     Solution:
Info    2021-03-29 13:25:57:0970  DevID:MV-CE200-10GM(00D57564125)  Source-Line:MVGigEVisionSDK.dll(GigEVisionManager.cpp-L0295)  ProcessName:stereo_match.exe(9836)     Description:Driver Mode [1]     Solution:
Info    2021-03-29 13:25:57:0970  DevID:MV-CE200-10GM(00D57564125)  Source-Line:MVGigEVisionSDK.dll(GigEVisionManager.cpp-L1006)  ProcessName:stereo_match.exe(9836)     Description:Connecting device, hostIP[0xc0a8016e], hostPort[57312], devIP[0xc0a8017a]     Solution:
Info    2021-03-29 13:25:57:0981  DevID:MV-CE200-10GM(00D57564125)  Source-Line:MVGigEVisionSDK.dll(GigEVisionMsgChannel.cpp-L0219)  ProcessName:stereo_match.exe(9836)     Description:Event thread start     Solution:
Info    2021-03-29 13:25:58:0161  DevID:MV-CE200-10GM(00D57564125)  Source-Line:MVGigEVisionSDK.dll(GigEVisionManager.cpp-L0911)  ProcessName:stereo_match.exe(9836)     Description:Driver mode start!     Solution:
Info    2021-03-29 13:25:58:0367  DevID:MV-CE200-10GM(00D54181997)  Source-Line:MVGigEVisionSDK.dll(GigEVisionManager.cpp-L2804)  ProcessName:stereo_match.exe(9836)     Description:Get Local Mtu [9014]!     Solution:
Info    2021-03-29 13:25:58:0370  DevID:MV-CE200-10GM(00D54181997)  Source-Line:MVGigEVisionSDK.dll(GigEVisionManager.cpp-L2883)  ProcessName:stereo_match.exe(9836)     Description:UDP_ReadnTimeout [8136]!     Solution:
Info    2021-03-29 13:25:58:0372  DevID:MV-CE200-10GM(00D54181997)  Source-Line:MVGigEVisionSDK.dll(GigEVisionManager.cpp-L2920)  ProcessName:stereo_match.exe(9836)     Description:Optimal PacketSize [8164]!     Solution:
Info    2021-03-29 13:25:58:0412  DevID:MV-CE200-10GM(00D54181997)  Source-Line:MVGigEVisionSDK.dll(GigEVisionManager.cpp-L2162)  ProcessName:stereo_match.exe(9836)     Description:GigE SendRsdCmdThread Start, ThreadId[5076]     Solution:
Info    2021-03-29 13:25:58:0412  DevID:MV-CE200-10GM(00D54181997)  Source-Line:MVGigEVisionSDK.dll(GigEVisionManager.cpp-L1981)  ProcessName:stereo_match.exe(9836)     Description:GigE StreamInterEventThread Start, ThreadId[14256]     Solution:
Info    2021-03-29 13:25:58:0419  DevID:MV-CE200-10GM(00D57564125)  Source-Line:MVGigEVisionSDK.dll(GigEVisionManager.cpp-L2804)  ProcessName:stereo_match.exe(9836)     Description:Get Local Mtu [1514]!     Solution:
Info    2021-03-29 13:25:59:0925  DevID:MV-CE200-10GM(00D57564125)  Source-Line:MVGigEVisionSDK.dll(GigEVisionManager.cpp-L2920)  ProcessName:stereo_match.exe(9836)     Description:Optimal PacketSize [1500]!     Solution:
Info    2021-03-29 13:25:59:0984  DevID:MV-CE200-10GM(00D57564125)  Source-Line:MVGigEVisionSDK.dll(GigEVisionManager.cpp-L2162)  ProcessName:stereo_match.exe(9836)     Description:GigE SendRsdCmdThread Start, ThreadId[15348]     Solution:
Info    2021-03-29 13:25:59:0984  DevID:MV-CE200-10GM(00D57564125)  Source-Line:MVGigEVisionSDK.dll(GigEVisionManager.cpp-L1981)  ProcessName:stereo_match.exe(9836)     Description:GigE StreamInterEventThread Start, ThreadId[12528]     Solution:
Info    2021-03-29 13:27:22:0838  DevID:MV-CE200-10GM(00D54181997)  Source-Line:MVGigEVisionSDK.dll(GigEVisionManager.cpp-L0167)  ProcessName:stereo_match.exe(1452)     Description:Current dynamic library path[C:\Program Files (x86)\Common Files\MVS\Runtime\Win64_x64\MVGigEVisionSDK.dll]     Solution:
Info    2021-03-29 13:27:22:0840  DevID:MV-CE200-10GM(00D54181997)  Source-Line:MVGigEVisionSDK.dll(GigEVisionManager.cpp-L0295)  ProcessName:stereo_match.exe(1452)     Description:Driver Mode [1]     Solution:
Info    2021-03-29 13:27:22:0841  DevID:MV-CE200-10GM(00D54181997)  Source-Line:MVGigEVisionSDK.dll(GigEVisionManager.cpp-L1006)  ProcessName:stereo_match.exe(1452)     Description:Connecting device, hostIP[0xc0a8018a], hostPort[57598], devIP[0xc0a801cf]     Solution:
Error   2021-03-29 13:27:22:0842  DevID:MV-CE200-10GM(00D54181997)  Source-Line:MVGigEVisionSDK.dll(GigEVisionGVCP.cpp-L0501)  ProcessName:stereo_match.exe(1452)     Description:SetModulePrivilege [1][0x80000203]     Solution:
Error   2021-03-29 13:27:22:0842  DevID:MV-CE200-10GM(00D54181997)  Source-Line:MVGigEVisionSDK.dll(GigEVisionManager.cpp-L0926)  ProcessName:stereo_match.exe(1452)     Description:Connect device failed! [0x80000203]     Solution:
Info    2021-03-29 13:27:22:0842  DevID:MV-CE200-10GM(00D54181997)  Source-Line:MVGigEVisionSDK.dll(GigEVisionManager.cpp-L4376)  ProcessName:stereo_match.exe(1452)     Description:TransmissionType[0x0], nRet[0x0], GvspSendIp[0xc0a8018a], GvspSendPort[57598], HostIp[0xc0a8018a], HostPort[57598]     Solution:
Info    2021-03-29 13:27:22:0842  DevID:MV-CE200-10GM(00D54181997)  Source-Line:MVGigEVisionSDK.dll(GigEVisionManager.cpp-L1027)  ProcessName:stereo_match.exe(1452)     Description:Disconnect device     Solution:
Info    2021-03-29 13:27:22:0866  DevID:MV-CE200-10GM(00D54181997)  Source-Line:MVGigEVisionSDK.dll(GigEVisionManager.cpp-L1733)  ProcessName:stereo_match.exe(1452)     Description:AppGetCount[0], AppGetCountSucceed[0], NetRecv[0], ThrowAbnormalImage[0], NetLostFrame[0], ThrowInBufList[0], LostPackets[0]     Solution:
Info    2021-03-29 13:27:22:0866  DevID:MV-CE200-10GM(00D54181997)  Source-Line:MVGigEVisionSDK.dll(GigEVisionGVSP.cpp-L0756)  ProcessName:stereo_match.exe(1452)     Description:NearBID[0], LastBID[0], output[0]     Solution:
Info    2021-03-29 13:27:22:0938  DevID:MV-CE200-10GM(00D57564125)  Source-Line:MVGigEVisionSDK.dll(GigEVisionManager.cpp-L0167)  ProcessName:stereo_match.exe(1452)     Description:Current dynamic library path[C:\Program Files (x86)\Common Files\MVS\Runtime\Win64_x64\MVGigEVisionSDK.dll]     Solution:
Info    2021-03-29 13:27:22:0941  DevID:MV-CE200-10GM(00D57564125)  Source-Line:MVGigEVisionSDK.dll(GigEVisionManager.cpp-L0295)  ProcessName:stereo_match.exe(1452)     Description:Driver Mode [1]     Solution:
Info    2021-03-29 13:27:22:0941  DevID:MV-CE200-10GM(00D57564125)  Source-Line:MVGigEVisionSDK.dll(GigEVisionManager.cpp-L1006)  ProcessName:stereo_match.exe(1452)     Description:Connecting device, hostIP[0xc0a8016e], hostPort[57608], devIP[0xc0a8017a]     Solution:
Error   2021-03-29 13:27:22:0942  DevID:MV-CE200-10GM(00D57564125)  Source-Line:MVGigEVisionSDK.dll(GigEVisionGVCP.cpp-L0501)  ProcessName:stereo_match.exe(1452)     Description:SetModulePrivilege [1][0x80000203]     Solution:
Error   2021-03-29 13:27:22:0942  DevID:MV-CE200-10GM(00D57564125)  Source-Line:MVGigEVisionSDK.dll(GigEVisionManager.cpp-L0926)  ProcessName:stereo_match.exe(1452)     Description:Connect device failed! [0x80000203]     Solution:
Info    2021-03-29 13:27:22:0942  DevID:MV-CE200-10GM(00D57564125)  Source-Line:MVGigEVisionSDK.dll(GigEVisionManager.cpp-L4376)  ProcessName:stereo_match.exe(1452)     Description:TransmissionType[0x0], nRet[0x0], GvspSendIp[0xc0a8016e], GvspSendPort[57608], HostIp[0xc0a8016e], HostPort[57608]     Solution:
Info    2021-03-29 13:27:22:0942  DevID:MV-CE200-10GM(00D57564125)  Source-Line:MVGigEVisionSDK.dll(GigEVisionManager.cpp-L1027)  ProcessName:stereo_match.exe(1452)     Description:Disconnect device     Solution:
Info    2021-03-29 13:27:22:0960  DevID:MV-CE200-10GM(00D57564125)  Source-Line:MVGigEVisionSDK.dll(GigEVisionManager.cpp-L1733)  ProcessName:stereo_match.exe(1452)     Description:AppGetCount[0], AppGetCountSucceed[0], NetRecv[0], ThrowAbnormalImage[0], NetLostFrame[0], ThrowInBufList[0], LostPackets[0]     Solution:
Info    2021-03-29 13:27:22:0961  DevID:MV-CE200-10GM(00D57564125)  Source-Line:MVGigEVisionSDK.dll(GigEVisionGVSP.cpp-L0756)  ProcessName:stereo_match.exe(1452)     Description:NearBID[0], LastBID[0], output[0]     Solution:
